15/06/2021 i:22:45:CRITICAL:logtest logger:This is a critical message.
15/06/2021 i:22:51:CRITICAL:logtest logger:This is a critical message.
15/06/2021 i:22:51:ERROR:logtest logger:This is a error message.
15/06/2021 i:22:51:WARNING:logtest logger:This is a warning message.
15/06/2021 i:22:51:INFO:logtest logger:This is a info message.
15/06/2021 i:22:51:DEBUG:logtest logger:This is a debug message.
15/06/2021 08:23:15:CRITICAL:logtest logger:This is a critical message.
15/06/2021 08:23:15:ERROR:logtest logger:This is a error message.
15/06/2021 08:23:15:WARNING:logtest logger:This is a warning message.
15/06/2021 08:23:15:INFO:logtest logger:This is a info message.
15/06/2021 08:23:15:DEBUG:logtest logger:This is a debug message.
15/06/2021 20:23:35:CRITICAL:logtest logger:This is a critical message.
15/06/2021 20:23:35:ERROR:logtest logger:This is a error message.
15/06/2021 20:23:35:WARNING:logtest logger:This is a warning message.
15/06/2021 20:23:35:INFO:logtest logger:This is a info message.
15/06/2021 20:23:35:DEBUG:logtest logger:This is a debug message.
15/06/2021 20:28:27:CRITICAL:f1 logger:This is a critical message.
15/06/2021 20:28:27:ERROR:f1 logger:This is a error message.
15/06/2021 20:28:27:WARNING:f1 logger:This is a warning message.
15/06/2021 20:28:27:INFO:f1 logger:This is a info message.
15/06/2021 20:28:27:DEBUG:f1 logger:This is a debug message.
15/06/2021 20:28:27:CRITICAL:f2 logger:This is a critical message.
15/06/2021 20:28:27:ERROR:f2 logger:This is a error message.
15/06/2021 20:28:27:WARNING:f2 logger:This is a warning message.
15/06/2021 20:28:27:INFO:f2 logger:This is a info message.
15/06/2021 20:28:27:DEBUG:f2 logger:This is a debug message.
15/06/2021 20:30:28:CRITICAL:f1 logger:This is a critical message.
15/06/2021 20:30:28:ERROR:f1 logger:This is a error message.
15/06/2021 20:30:28:WARNING:f1 logger:This is a warning message.
15/06/2021 20:30:28:INFO:f1 logger:This is a info message.
15/06/2021 20:30:28:DEBUG:f1 logger:This is a debug message.
15/06/2021 20:30:28:CRITICAL:f2 logger:This is a critical message.
15/06/2021 20:30:28:ERROR:f2 logger:This is a error message.
15/06/2021 20:30:28:WARNING:f2 logger:This is a warning message.
